<?xml version="1.0" encoding="UTF-8"?>
<!-- Generated by org.testng.reporters.JUnitReportReporter -->
<testsuite skipped="1" hostname="HM-PC" name="AutomationTest.SkyScanner.SkyScannerTest$ParameterByDataprovider" tests="2" failures="0" timestamp="08 Jul 2017 23:37:17 GMT" time="83.101" errors="0">
  <testcase name="loginUser" time="83.101" classname="AutomationTest.SkyScanner.SkyScannerTest$ParameterByDataprovider"/>
  <testcase name="registerUser" classname="AutomationTest.SkyScanner.SkyScannerTest$ParameterByDataprovider">
    <skipped/>
  </testcase> <!-- registerUser -->
</testsuite> <!-- AutomationTest.SkyScanner.SkyScannerTest$ParameterByDataprovider -->
