<?xml version="1.0" encoding="UTF-8"?>
<!-- Generated by org.testng.reporters.JUnitReportReporter -->
<testsuite skipped="0" hostname="HM-PC" name="AutomationTest.IMDBTest.IMDBTest" tests="2" failures="0" timestamp="28 Jul 2017 15:56:04 GMT" time="75.651" errors="0">
  <testcase name="topFilmsTestByGenre" time="47.974" classname="AutomationTest.IMDBTest.IMDBTest"/>
  <testcase name="topFilmsTest" time="27.677" classname="AutomationTest.IMDBTest.IMDBTest"/>
</testsuite> <!-- AutomationTest.IMDBTest.IMDBTest -->
